--------------------------------------------------------------------------------
Release 14.7 Trace  (nt64)
Copyright (c) 1995-2013 Xilinx, Inc.  All rights reserved.

C:\Xilinx\14.7\ISE_DS\ISE\bin\nt64\unwrapped\trce.exe -intstyle ise -v 3 -s 3
-n 3 -fastpaths -xml Encoder.twx Encoder.ncd -o Encoder.twr Encoder.pcf

Design file:              Encoder.ncd
Physical constraint file: Encoder.pcf
Device,package,speed:     xc6slx4,tqg144,C,-3 (PRODUCTION 1.23 2013-10-13)
Report level:             verbose report

Environment Variable      Effect 
--------------------      ------ 
NONE                      No environment variables were set
--------------------------------------------------------------------------------

INFO:Timing:2698 - No timing constraints found, doing default enumeration.
INFO:Timing:3412 - To improve timing, see the Timing Closure User Guide (UG612).
INFO:Timing:2752 - To get complete path coverage, use the unconstrained paths 
   option. All paths that are not constrained will be reported in the 
   unconstrained paths section(s) of the report.
INFO:Timing:3339 - The clock-to-out numbers in this timing report are based on 
   a 50 Ohm transmission line loading model.  For the details of this model, 
   and for more information on accounting for different loading conditions, 
   please see the device datasheet.



Data Sheet report:
-----------------
All values displayed in nanoseconds (ns)

Setup/Hold to clock en
------------+------------+------------+------------+------------+------------------+--------+
            |Max Setup to|  Process   |Max Hold to |  Process   |                  | Clock  |
Source      | clk (edge) |   Corner   | clk (edge) |   Corner   |Internal Clock(s) | Phase  |
------------+------------+------------+------------+------------+------------------+--------+
data_bus1<0>|    8.001(F)|      SLOW  |   -3.515(F)|      FAST  |en_BUFGP          |   0.000|
data_bus1<1>|    8.169(F)|      SLOW  |   -3.664(F)|      FAST  |en_BUFGP          |   0.000|
data_bus1<2>|    8.151(F)|      SLOW  |   -3.593(F)|      FAST  |en_BUFGP          |   0.000|
data_bus1<3>|    7.405(F)|      SLOW  |   -3.093(F)|      FAST  |en_BUFGP          |   0.000|
data_bus1<4>|    8.078(F)|      SLOW  |   -3.622(F)|      FAST  |en_BUFGP          |   0.000|
data_bus1<5>|    7.413(F)|      SLOW  |   -3.382(F)|      FAST  |en_BUFGP          |   0.000|
data_bus1<6>|    5.934(F)|      SLOW  |   -2.452(F)|      FAST  |en_BUFGP          |   0.000|
data_bus1<7>|    6.381(F)|      SLOW  |   -2.792(F)|      FAST  |en_BUFGP          |   0.000|
data_bus2<0>|    8.737(F)|      SLOW  |   -3.982(F)|      FAST  |en_BUFGP          |   0.000|
data_bus2<1>|    8.381(F)|      SLOW  |   -3.778(F)|      FAST  |en_BUFGP          |   0.000|
data_bus2<2>|    9.077(F)|      SLOW  |   -4.370(F)|      FAST  |en_BUFGP          |   0.000|
data_bus2<3>|    8.220(F)|      SLOW  |   -3.655(F)|      FAST  |en_BUFGP          |   0.000|
data_bus2<4>|    7.667(F)|      SLOW  |   -3.347(F)|      FAST  |en_BUFGP          |   0.000|
data_bus2<5>|    7.584(F)|      SLOW  |   -3.493(F)|      FAST  |en_BUFGP          |   0.000|
data_bus2<6>|    7.259(F)|      SLOW  |   -3.355(F)|      FAST  |en_BUFGP          |   0.000|
data_bus2<7>|    6.390(F)|      SLOW  |   -2.715(F)|      FAST  |en_BUFGP          |   0.000|
inp<0>      |    7.155(F)|      SLOW  |   -2.972(F)|      FAST  |en_BUFGP          |   0.000|
inp<1>      |    6.401(F)|      SLOW  |   -2.512(F)|      FAST  |en_BUFGP          |   0.000|
inp<2>      |    7.133(F)|      SLOW  |   -2.922(F)|      FAST  |en_BUFGP          |   0.000|
inp<3>      |    6.045(F)|      SLOW  |   -2.604(F)|      FAST  |en_BUFGP          |   0.000|
inp<4>      |    7.023(F)|      SLOW  |   -2.731(F)|      FAST  |en_BUFGP          |   0.000|
inp<5>      |    6.064(F)|      SLOW  |   -2.465(F)|      FAST  |en_BUFGP          |   0.000|
inp<6>      |    6.491(F)|      SLOW  |   -2.802(F)|      FAST  |en_BUFGP          |   0.000|
inp<7>      |    6.458(F)|      SLOW  |   -2.826(F)|      FAST  |en_BUFGP          |   0.000|
------------+------------+------------+------------+------------+------------------+--------+

Clock en to Pad
------------+-----------------+------------+-----------------+------------+------------------+--------+
            |Max (slowest) clk|  Process   |Min (fastest) clk|  Process   |                  | Clock  |
Destination |  (edge) to PAD  |   Corner   |  (edge) to PAD  |   Corner   |Internal Clock(s) | Phase  |
------------+-----------------+------------+-----------------+------------+------------------+--------+
oup<0>      |         6.016(F)|      SLOW  |         2.960(F)|      FAST  |en_BUFGP          |   0.000|
oup<1>      |         6.016(F)|      SLOW  |         2.960(F)|      FAST  |en_BUFGP          |   0.000|
oup<2>      |         5.822(F)|      SLOW  |         2.766(F)|      FAST  |en_BUFGP          |   0.000|
------------+-----------------+------------+-----------------+------------+------------------+--------+


Analysis completed Tue May 24 09:53:23 2022 
--------------------------------------------------------------------------------

Trace Settings:
-------------------------
Trace Settings 

Peak Memory Usage: 4544 MB



