Release 14.7 - xst P.20131013 (nt64)
Copyright (c) 1995-2013 Xilinx, Inc.  All rights reserved.
--> Parameter TMPDIR set to xst/projnav.tmp


Total REAL time to Xst completion: 1.00 secs
Total CPU time to Xst completion: 0.11 secs
 
--> Parameter xsthdpdir set to xst


Total REAL time to Xst completion: 1.00 secs
Total CPU time to Xst completion: 0.11 secs
 
--> Reading design: Add_Sub.prj

TABLE OF CONTENTS
  1) Synthesis Options Summary
  2) HDL Parsing
  3) HDL Elaboration
  4) HDL Synthesis
       4.1) HDL Synthesis Report
  5) Advanced HDL Synthesis
       5.1) Advanced HDL Synthesis Report
  6) Low Level Synthesis
  7) Partition Report
  8) Design Summary
       8.1) Primitive and Black Box Usage
       8.2) Device utilization summary
       8.3) Partition Resource Summary
       8.4) Timing Report
            8.4.1) Clock Information
            8.4.2) Asynchronous Control Signals Information
            8.4.3) Timing Summary
            8.4.4) Timing Details
            8.4.5) Cross Clock Domains Report


=========================================================================
*                      Synthesis Options Summary                        *
=========================================================================
---- Source Parameters
Input File Name                    : "Add_Sub.prj"
Ignore Synthesis Constraint File   : NO

---- Target Parameters
Output File Name                   : "Add_Sub"
Output Format                      : NGC
Target Device                      : xc6slx4-3-tqg144

---- Source Options
Top Module Name                    : Add_Sub
Automatic FSM Extraction           : YES
FSM Encoding Algorithm             : Auto
Safe Implementation                : No
FSM Style                          : LUT
RAM Extraction                     : Yes
RAM Style                          : Auto
ROM Extraction                     : Yes
Shift Register Extraction          : YES
ROM Style                          : Auto
Resource Sharing                   : YES
Asynchronous To Synchronous        : NO
Shift Register Minimum Size        : 2
Use DSP Block                      : Auto
Automatic Register Balancing       : No

---- Target Options
LUT Combining                      : Auto
Reduce Control Sets                : Auto
Add IO Buffers                     : YES
Global Maximum Fanout              : 100000
Add Generic Clock Buffer(BUFG)     : 16
Register Duplication               : YES
Optimize Instantiated Primitives   : NO
Use Clock Enable                   : Auto
Use Synchronous Set                : Auto
Use Synchronous Reset              : Auto
Pack IO Registers into IOBs        : Auto
Equivalent register Removal        : YES

---- General Options
Optimization Goal                  : Speed
Optimization Effort                : 1
Power Reduction                    : NO
Keep Hierarchy                     : No
Netlist Hierarchy                  : As_Optimized
RTL Output                         : Yes
Global Optimization                : AllClockNets
Read Cores                         : YES
Write Timing Constraints           : NO
Cross Clock Analysis               : NO
Hierarchy Separator                : /
Bus Delimiter                      : <>
Case Specifier                     : Maintain
Slice Utilization Ratio            : 100
BRAM Utilization Ratio             : 100
DSP48 Utilization Ratio            : 100
Auto BRAM Packing                  : NO
Slice Utilization Ratio Delta      : 5

=========================================================================


=========================================================================
*                          HDL Parsing                                  *
=========================================================================
Parsing VHDL file "F:\4th Level Semester 2\Logic 2 Projects\Adder_Subtractor\Add_Sub.vhd" into library work
Parsing entity <Add_Sub>.
ERROR:HDLCompiler:535 - "F:\4th Level Semester 2\Logic 2 Projects\Adder_Subtractor\Add_Sub.vhd" Line 40: Index constraint prefix std_logic should be an array type
ERROR:HDLCompiler:854 - "F:\4th Level Semester 2\Logic 2 Projects\Adder_Subtractor\Add_Sub.vhd" Line 33: Unit <add_sub> ignored due to previous errors.
Parsing architecture <Behavioral> of entity <add_sub>.
ERROR:HDLCompiler:374 - "F:\4th Level Semester 2\Logic 2 Projects\Adder_Subtractor\Add_Sub.vhd" Line 44: Entity <add_sub> is not yet compiled.
ERROR:HDLCompiler:69 - "F:\4th Level Semester 2\Logic 2 Projects\Adder_Subtractor\Add_Sub.vhd" Line 50: <integer> is not declared.
ERROR:HDLCompiler:69 - "F:\4th Level Semester 2\Logic 2 Projects\Adder_Subtractor\Add_Sub.vhd" Line 51: <std_logic_vector> is not declared.
ERROR:HDLCompiler:69 - "F:\4th Level Semester 2\Logic 2 Projects\Adder_Subtractor\Add_Sub.vhd" Line 58: <var1> is not declared.
ERROR:HDLCompiler:69 - "F:\4th Level Semester 2\Logic 2 Projects\Adder_Subtractor\Add_Sub.vhd" Line 59: <var2> is not declared.
ERROR:HDLCompiler:69 - "F:\4th Level Semester 2\Logic 2 Projects\Adder_Subtractor\Add_Sub.vhd" Line 60: <pout> is not declared.
ERROR:HDLCompiler:69 - "F:\4th Level Semester 2\Logic 2 Projects\Adder_Subtractor\Add_Sub.vhd" Line 61: <cout> is not declared.
ERROR:HDLCompiler:69 - "F:\4th Level Semester 2\Logic 2 Projects\Adder_Subtractor\Add_Sub.vhd" Line 65: <var1> is not declared.
ERROR:HDLCompiler:69 - "F:\4th Level Semester 2\Logic 2 Projects\Adder_Subtractor\Add_Sub.vhd" Line 66: <var2> is not declared.
ERROR:HDLCompiler:69 - "F:\4th Level Semester 2\Logic 2 Projects\Adder_Subtractor\Add_Sub.vhd" Line 67: <pout> is not declared.
ERROR:HDLCompiler:69 - "F:\4th Level Semester 2\Logic 2 Projects\Adder_Subtractor\Add_Sub.vhd" Line 68: <cout> is not declared.
ERROR:HDLCompiler:69 - "F:\4th Level Semester 2\Logic 2 Projects\Adder_Subtractor\Add_Sub.vhd" Line 63: <sub_sel> is not declared.
ERROR:HDLCompiler:69 - "F:\4th Level Semester 2\Logic 2 Projects\Adder_Subtractor\Add_Sub.vhd" Line 56: <add_sel> is not declared.
ERROR:HDLCompiler:69 - "F:\4th Level Semester 2\Logic 2 Projects\Adder_Subtractor\Add_Sub.vhd" Line 55: <en> is not declared.
ERROR:HDLCompiler:69 - "F:\4th Level Semester 2\Logic 2 Projects\Adder_Subtractor\Add_Sub.vhd" Line 48: <inp1> is not declared.
VHDL file F:\4th Level Semester 2\Logic 2 Projects\Adder_Subtractor\Add_Sub.vhd ignored due to errors
--> 

Total memory usage is 4456764 kilobytes

Number of errors   :   17 (   0 filtered)
Number of warnings :    0 (   0 filtered)
Number of infos    :    0 (   0 filtered)

